<?xml version="1.0" encoding="UTF-8"?>
<!-- Generated by org.testng.reporters.JUnitReportReporter -->
<testsuite skipped="0" hostname="DESKTOP-EA5H1TA" name="Runnertestmardi22281.testmardi22281" tests="1" failures="0" timestamp="07 mai 2020 03:15:52 GMT" time="10.604" errors="0">
  <testcase name="runScenario" time="10.604" classname="Runnertestmardi22281.testmardi22281"/>
</testsuite> <!-- Runnertestmardi22281.testmardi22281 -->
